<?xml version="1.0" encoding="UTF-8"?>
<!-- Generated by org.testng.reporters.JUnitReportReporter -->
<testsuite hostname="DESKTOP-QPCK8II" failures="0" tests="1" name="hello.sampleTest" time="0.024" errors="0" timestamp="2024-06-24T22:24:48 IST" skipped="0">
  <testcase classname="hello.sampleTest" name="test_Sample" time="0.024"/>
</testsuite> <!-- hello.sampleTest -->
